V(8, 8, 8): ambient/fixed-open/square-boundary/zero = (27, 10, 9, 10)
V(10, 8, 6): ambient/fixed-open/square-boundary/zero = (27, 10, 11, 11)
V(8, 7, 6): ambient/fixed-open/square-boundary/zero = (24, 9, 9, 9)
V(5, 4, 3): ambient/fixed-open/square-boundary/zero = (15, 6, 6, 6)
V(3, 3, 3): ambient/fixed-open/square-boundary/zero = (12, 5, 4, 5)
smooth-conic bad dimensions (rank3/rank2-off/rank2-through):
  NPP-14: (13, 13, 12)
  NNP-16: (11, 12, 10)
  NnP-13: (14, 14, 13)
  NNn-15: (12, 12, 11)
line bad dimensions U1/U2/U3: (7, 8, 9) (6, 7, 8)
rank-two quartic restriction ranks: {0: 42, 1: 39, 2: 38}
rank-two cubic restriction ranks: {0: 36, 1: 33, 2: 32}
one-N rank3: [9, 9]
one-N rank2 generic/aligned: [9, 9] [9, 8, 10, 9, 9, 9, 9]
two-N rank3 no/one/two alignments: [9, 9, 9]
two-N rank2 no/one/two alignments: [8, 9, 9] [9, 8, 9, 9] [9, 8, 10, 9, 9]
three-N rank3/rank2: 9 [9, 10, 9]
global minima: rank3=9>8, rank2=8>7
all three-singleton first-near checks passed
