all k<=6 core words, parity variants, and unloadings: PASS
variant counts by k: 3, 6, 8, 10, 12, 14
satellite and essential-fork proximity bounds: PASS
partition rows, selected contact, double-line contact:
  [2,2,1,1]: rows=285, c>=18, line>=14
    delta rows/line: D0=36/16, D1=84/15, D2=97/14, D3=68/14
  [3,1,1,1]: rows=187, c>=18, line>=14
    delta rows/line: D0=24/16, D1=60/16, D2=62/15, D3=41/14
  [2,2,2]: rows=188, c>=18, line>=11
    delta rows/line: D0=27/12, D1=54/12, D2=63/11, D3=44/11
  [4,1,1]: rows=74, c>=18, line>=14
    delta rows/line: D0=12/16, D1=24/15, D2=23/14, D3=15/14
  [3,2,1]: rows=124, c>=18, line>=11
    delta rows/line: D0=18/16, D1=39/15, D2=39/15, D3=28/11
  [3,3]: rows=54, c>=18, line>=11
    delta rows/line: D0=9/12, D1=18/12, D2=15/12, D3=12/11
  [5,1]: rows=28, c>=18, line>=12
    delta rows/line: D0=6/12, D1=9/12, D2=7/12, D3=6/12
  [4,2]: rows=49, c>=18, line>=11
    delta rows/line: D0=9/12, D1=15/12, D2=15/11, D3=10/11
  [6]: rows=10, c>=18, line>=12
    delta rows/line: D0=3/12, D1=3/12, D2=2/12, D3=2/12
first narrow-recipe failure FF_N + P4^3 and repair: PASS
smooth-conic rank/base-point margins: PASS
reduced-nodal rank/base/node margins: PASS
all uniform six-center conic checks: PASS
