O(2) at two first jets: rank 5 over QQ (and F101,F103)
tensoring with H0(O_y(4)) gives rank 75, not 90: PASS
critical rows T=0: rank 7 over QQ (and F101,F103)
critical plus tangent-base gradient T=0: rank 8 over QQ (and F101,F103)
critical plus conic-fiber gradient T=0: rank 9 over QQ (and F101,F103)
critical rows T=1: rank 7 over QQ (and F101,F103)
critical plus tangent-base gradient T=1: rank 8 over QQ (and F101,F103)
critical plus conic-fiber gradient T=1: rank 9 over QQ (and F101,F103)
radical rows T=0, x-supported generic: rank 13 over QQ (and F101,F103)
radical+cubic T=0, x-supported generic: rank 14 over QQ (and F101,F103)
radical rows T=0, pure x-plane: rank 13 over QQ (and F101,F103)
radical+cubic T=0, pure x-plane: rank 14 over QQ (and F101,F103)
radical rows T=0, no-x mixed L,T: rank 12 over QQ (and F101,F103)
radical+cubic T=0, no-x mixed L,T: rank 13 over QQ (and F101,F103)
radical rows T=0, pure L: rank 12 over QQ (and F101,F103)
radical+cubic T=0, pure L: rank 12 over QQ (and F101,F103)
radical rows T=0, pure T: rank 11 over QQ (and F101,F103)
radical+cubic T=0, pure T: rank 11 over QQ (and F101,F103)
radical rows T=1, x-supported generic: rank 13 over QQ (and F101,F103)
radical+cubic T=1, x-supported generic: rank 14 over QQ (and F101,F103)
radical rows T=1, pure x-plane: rank 13 over QQ (and F101,F103)
radical+cubic T=1, pure x-plane: rank 14 over QQ (and F101,F103)
radical rows T=1, no-x mixed L,T: rank 12 over QQ (and F101,F103)
radical+cubic T=1, no-x mixed L,T: rank 13 over QQ (and F101,F103)
radical rows T=1, pure L: rank 12 over QQ (and F101,F103)
radical+cubic T=1, pure L: rank 13 over QQ (and F101,F103)
radical rows T=1, pure T: rank 11 over QQ (and F101,F103)
radical+cubic T=1, pure T: rank 11 over QQ (and F101,F103)
two critical points: distinct x, distinct lines: rank 14 over QQ (and F101,F103)
two critical points: distinct x, same line, distinct r: rank 14 over QQ (and F101,F103)
two critical points: distinct x, identical y-flag and multiplier: rank 13 over QQ (and F101,F103)
two critical points: same x, distinct lines: rank 13 over QQ (and F101,F103)
two critical points: same x, distinct lines, both diagonal: rank 12 over QQ (and F101,F103)
two critical points: same x and line, distinct residual points: rank 11 over QQ (and F101,F103)
three critical points: generic representative: rank 21 over QQ (and F101,F103)
three critical points: same x representative: rank 18 over QQ (and F101,F103)
special-seed multijet reduction checks: PASS
